# JRE version: Java(TM) SE Runtime Environment (8.0_101-b13) (build 1.8.0_101-b13)
# Java VM: Java HotSpot(TM) 64-Bit Server VM (25.101-b13 mixed mode windows-amd64 compressed oops)
Heap:
 PSYoungGen      total 292864K, used 182418K [0x00000000eab00000, 0x0000000100000000, 0x0000000100000000)
  eden space 239616K, 62% used [0x00000000eab00000,0x00000000f3c697f0,0x00000000f9500000)
  from space 53248K, 62% used [0x00000000fcc00000,0x00000000fecbb0f0,0x0000000100000000)
  to   space 54784K, 0% used [0x00000000f9500000,0x00000000f9500000,0x00000000fca80000)
 ParOldGen       total 109056K, used 86101K [0x00000000c0000000, 0x00000000c6a80000, 0x00000000eab00000)
  object space 109056K, 78% used [0x00000000c0000000,0x00000000c54157f8,0x00000000c6a80000)
 Metaspace       used 70373K, capacity 79038K, committed 79276K, reserved 1118208K
  class space    used 8719K, capacity 11434K, committed 11436K, reserved 1048576K
GC Heap History (10 events):
Event: 64.862 GC heap before
{Heap before GC invocations=28 (full 4):
 PSYoungGen      total 298496K, used 298487K [0x00000000eab00000, 0x0000000100000000, 0x0000000100000000)
  eden space 273408K, 100% used [0x00000000eab00000,0x00000000fb600000,0x00000000fb600000)
  from space 25088K, 99% used [0x00000000fb600000,0x00000000fce7dfb8,0x00000000fce80000)
  to   space 31232K, 0% used [0x00000000fe180000,0x00000000fe180000,0x0000000100000000)
 ParOldGen       total 109056K, used 59138K [0x00000000c0000000, 0x00000000c6a80000, 0x00000000eab00000)
  object space 109056K, 54% used [0x00000000c0000000,0x00000000c39c0b80,0x00000000c6a80000)
 Metaspace       used 69935K, capacity 78686K, committed 78764K, reserved 1116160K
  class space    used 8690K, capacity 11402K, committed 11436K, reserved 1048576K
Event: 64.889 GC heap after
Heap after GC invocations=28 (full 4):
 PSYoungGen      total 304640K, used 31202K [0x00000000eab00000, 0x0000000100000000, 0x0000000100000000)
  eden space 273408K, 0% used [0x00000000eab00000,0x00000000eab00000,0x00000000fb600000)
  from space 31232K, 99% used [0x00000000fe180000,0x00000000ffff8920,0x0000000100000000)
  to   space 37888K, 0% used [0x00000000fb600000,0x00000000fb600000,0x00000000fdb00000)
 ParOldGen       total 109056K, used 63270K [0x00000000c0000000, 0x00000000c6a80000, 0x00000000eab00000)
  object space 109056K, 58% used [0x00000000c0000000,0x00000000c3dc9a48,0x00000000c6a80000)
 Metaspace       used 69935K, capacity 78686K, committed 78764K, reserved 1116160K
  class space    used 8690K, capacity 11402K, committed 11436K, reserved 1048576K
}
Event: 120.811 GC heap before
{Heap before GC invocations=29 (full 4):
 PSYoungGen      total 304640K, used 304610K [0x00000000eab00000, 0x0000000100000000, 0x0000000100000000)
  eden space 273408K, 100% used [0x00000000eab00000,0x00000000fb600000,0x00000000fb600000)
  from space 31232K, 99% used [0x00000000fe180000,0x00000000ffff8920,0x0000000100000000)
  to   space 37888K, 0% used [0x00000000fb600000,0x00000000fb600000,0x00000000fdb00000)
 ParOldGen       total 109056K, used 63270K [0x00000000c0000000, 0x00000000c6a80000, 0x00000000eab00000)
  object space 109056K, 58% used [0x00000000c0000000,0x00000000c3dc9a48,0x00000000c6a80000)
 Metaspace       used 70321K, capacity 79038K, committed 79276K, reserved 1118208K
  class space    used 8719K, capacity 11434K, committed 11436K, reserved 1048576K
Event: 120.831 GC heap after
Heap after GC invocations=29 (full 4):
 PSYoungGen      total 311296K, used 37882K [0x00000000eab00000, 0x0000000100000000, 0x0000000100000000)
  eden space 273408K, 0% used [0x00000000eab00000,0x00000000eab00000,0x00000000fb600000)
  from space 37888K, 99% used [0x00000000fb600000,0x00000000fdafeb48,0x00000000fdb00000)
  to   space 37888K, 0% used [0x00000000fdb00000,0x00000000fdb00000,0x0000000100000000)
 ParOldGen       total 109056K, used 71458K [0x00000000c0000000, 0x00000000c6a80000, 0x00000000eab00000)
  object space 109056K, 65% used [0x00000000c0000000,0x00000000c45c8930,0x00000000c6a80000)
 Metaspace       used 70321K, capacity 79038K, committed 79276K, reserved 1118208K
  class space    used 8719K, capacity 11434K, committed 11436K, reserved 1048576K
}
Event: 123.774 GC heap before
{Heap before GC invocations=30 (full 4):
 PSYoungGen      total 311296K, used 311290K [0x00000000eab00000, 0x0000000100000000, 0x0000000100000000)
  eden space 273408K, 100% used [0x00000000eab00000,0x00000000fb600000,0x00000000fb600000)
  from space 37888K, 99% used [0x00000000fb600000,0x00000000fdafeb48,0x00000000fdb00000)
  to   space 37888K, 0% used [0x00000000fdb00000,0x00000000fdb00000,0x0000000100000000)
 ParOldGen       total 109056K, used 71458K [0x00000000c0000000, 0x00000000c6a80000, 0x00000000eab00000)
  object space 109056K, 65% used [0x00000000c0000000,0x00000000c45c8930,0x00000000c6a80000)
 Metaspace       used 70341K, capacity 79038K, committed 79276K, reserved 1118208K
  class space    used 8719K, capacity 11434K, committed 11436K, reserved 1048576K
Event: 123.788 GC heap after
Heap after GC invocations=30 (full 4):
 PSYoungGen      total 280576K, used 37884K [0x00000000eab00000, 0x0000000100000000, 0x0000000100000000)
  eden space 242688K, 0% used [0x00000000eab00000,0x00000000eab00000,0x00000000f9800000)
  from space 37888K, 99% used [0x00000000fdb00000,0x00000000fffff2e0,0x0000000100000000)
  to   space 53248K, 0% used [0x00000000f9800000,0x00000000f9800000,0x00000000fcc00000)
 ParOldGen       total 109056K, used 75487K [0x00000000c0000000, 0x00000000c6a80000, 0x00000000eab00000)
  object space 109056K, 69% used [0x00000000c0000000,0x00000000c49b7c40,0x00000000c6a80000)
 Metaspace       used 70341K, capacity 79038K, committed 79276K, reserved 1118208K
  class space    used 8719K, capacity 11434K, committed 11436K, reserved 1048576K
}
Event: 127.898 GC heap before
{Heap before GC invocations=31 (full 4):
 PSYoungGen      total 280576K, used 280572K [0x00000000eab00000, 0x0000000100000000, 0x0000000100000000)
  eden space 242688K, 100% used [0x00000000eab00000,0x00000000f9800000,0x00000000f9800000)
  from space 37888K, 99% used [0x00000000fdb00000,0x00000000fffff2e0,0x0000000100000000)
  to   space 53248K, 0% used [0x00000000f9800000,0x00000000f9800000,0x00000000fcc00000)
 ParOldGen       total 109056K, used 75487K [0x00000000c0000000, 0x00000000c6a80000, 0x00000000eab00000)
  object space 109056K, 69% used [0x00000000c0000000,0x00000000c49b7c40,0x00000000c6a80000)
 Metaspace       used 70361K, capacity 79038K, committed 79276K, reserved 1118208K
  class space    used 8719K, capacity 11434K, committed 11436K, reserved 1048576K
Event: 127.912 GC heap after
Heap after GC invocations=31 (full 4):
 PSYoungGen      total 295936K, used 27530K [0x00000000eab00000, 0x0000000100000000, 0x0000000100000000)
  eden space 242688K, 0% used [0x00000000eab00000,0x00000000eab00000,0x00000000f9800000)
  from space 53248K, 51% used [0x00000000f9800000,0x00000000fb2e2ac0,0x00000000fcc00000)
  to   space 53248K, 0% used [0x00000000fcc00000,0x00000000fcc00000,0x0000000100000000)
 ParOldGen       total 109056K, used 86101K [0x00000000c0000000, 0x00000000c6a80000, 0x00000000eab00000)
  object space 109056K, 78% used [0x00000000c0000000,0x00000000c54157f8,0x00000000c6a80000)
 Metaspace       used 70361K, capacity 79038K, committed 79276K, reserved 1118208K
  class space    used 8719K, capacity 11434K, committed 11436K, reserved 1048576K
}
Event: 133.470 GC heap before
{Heap before GC invocations=32 (full 4):
 PSYoungGen      total 295936K, used 270218K [0x00000000eab00000, 0x0000000100000000, 0x0000000100000000)
  eden space 242688K, 100% used [0x00000000eab00000,0x00000000f9800000,0x00000000f9800000)
  from space 53248K, 51% used [0x00000000f9800000,0x00000000fb2e2ac0,0x00000000fcc00000)
  to   space 53248K, 0% used [0x00000000fcc00000,0x00000000fcc00000,0x0000000100000000)
 ParOldGen       total 109056K, used 86101K [0x00000000c0000000, 0x00000000c6a80000, 0x00000000eab00000)
  object space 109056K, 78% used [0x00000000c0000000,0x00000000c54157f8,0x00000000c6a80000)
 Metaspace       used 70366K, capacity 79038K, committed 79276K, reserved 1118208K
  class space    used 8719K, capacity 11434K, committed 11436K, reserved 1048576K
Event: 133.479 GC heap after
Heap after GC invocations=32 (full 4):
 PSYoungGen      total 292864K, used 33516K [0x00000000eab00000, 0x0000000100000000, 0x0000000100000000)
  eden space 239616K, 0% used [0x00000000eab00000,0x00000000eab00000,0x00000000f9500000)
  from space 53248K, 62% used [0x00000000fcc00000,0x00000000fecbb0f0,0x0000000100000000)
  to   space 54784K, 0% used [0x00000000f9500000,0x00000000f9500000,0x00000000fca80000)
 ParOldGen       total 109056K, used 86101K [0x00000000c0000000, 0x00000000c6a80000, 0x00000000eab00000)
  object space 109056K, 78% used [0x00000000c0000000,0x00000000c54157f8,0x00000000c6a80000)
 Metaspace       used 70366K, capacity 79038K, committed 79276K, reserved 1118208K
  class space    used 8719K, capacity 11434K, committed 11436K, reserved 1048576K
}

